Build started 5/23/2016 2:01:07 PM.
     1>Project "C:\Users\Tassawer\Documents\Visual Studio 2012\Projects\Chapter_09\Chapter_09\Chapter_09.vcxproj" on node 2 (Build target(s)).
     1>ClCompile:
         C:\Program Files (x86)\Microsoft Visual Studio 11.0\VC\bin\CL.exe /c /ZI /nologo /W3 /WX- /sdl /Od /Oy- /D WIN32 /D _DEBUG /D _CONSOLE /D _UNICODE /D UNICODE /Gm /EHsc /RTC1 /MDd /GS /fp:precise /Zc:wchar_t /Zc:forScope /Fo"Debug\\" /Fd"Debug\vc110.pdb" /Gd /TP /analyze- /errorReport:prompt "Problem_09-14.cpp"
         Problem_09-14.cpp
       Link:
         C:\Program Files (x86)\Microsoft Visual Studio 11.0\VC\bin\link.exe /ERRORREPORT:PROMPT /OUT:"C:\Users\Tassawer\Documents\Visual Studio 2012\Projects\Chapter_09\Debug\Chapter_09.exe" /INCREMENTAL /NOLOGO kernel32.lib user32.lib gdi32.lib winspool.lib comdlg32.lib advapi32.lib shell32.lib ole32.lib oleaut32.lib uuid.lib odbc32.lib odbccp32.lib /MANIFEST /MANIFESTUAC:"level='asInvoker' uiAccess='false'" /manifest:embed /DEBUG /PDB:"C:\Users\Tassawer\Documents\Visual Studio 2012\Projects\Chapter_09\Debug\Chapter_09.pdb" /SUBSYSTEM:CONSOLE /TLBID:1 /DYNAMICBASE /NXCOMPAT /IMPLIB:"C:\Users\Tassawer\Documents\Visual Studio 2012\Projects\Chapter_09\Debug\Chapter_09.lib" /MACHINE:X86 "Debug\Problem_09-01.obj"
         "Debug\Problem_09-02.obj"
         "Debug\Problem_09-03.obj"
         "Debug\Problem_09-04.obj"
         "Debug\Problem_09-05.obj"
         "Debug\Problem_09-06.obj"
         "Debug\Problem_09-07.obj"
         "Debug\Problem_09-08.obj"
         "Debug\Problem_09-09.obj"
         "Debug\Problem_09-10.obj"
         "Debug\Problem_09-11.obj"
         "Debug\Problem_09-12.obj"
         "Debug\Problem_09-13.obj"
         "Debug\Problem_09-14.obj"
         Chapter_09.vcxproj -> C:\Users\Tassawer\Documents\Visual Studio 2012\Projects\Chapter_09\Debug\Chapter_09.exe
     1>Done Building Project "C:\Users\Tassawer\Documents\Visual Studio 2012\Projects\Chapter_09\Chapter_09\Chapter_09.vcxproj" (Build target(s)).

Build succeeded.

Time Elapsed 00:00:01.85
