Build started 5/20/2016 11:38:30 PM.
     1>Project "C:\Users\Tassawer\Documents\Visual Studio 2012\Projects\Chapter_08\Chapter_08\Chapter_08.vcxproj" on node 2 (Build target(s)).
     1>ClCompile:
         C:\Program Files (x86)\Microsoft Visual Studio 11.0\VC\bin\CL.exe /c /ZI /nologo /W3 /WX- /sdl /Od /Oy- /D WIN32 /D _DEBUG /D _CONSOLE /D _CRT_SECURE_NO_WARNINGS /D _UNICODE /D UNICODE /Gm /EHsc /RTC1 /MDd /GS /fp:precise /Zc:wchar_t /Zc:forScope /Fo"Debug\\" /Fd"Debug\vc110.pdb" /Gd /TP /analyze- /errorReport:prompt "Problem_08-10.cpp"
         Problem_08-10.cpp
       Link:
         C:\Program Files (x86)\Microsoft Visual Studio 11.0\VC\bin\link.exe /ERRORREPORT:PROMPT /OUT:"C:\Users\Tassawer\Documents\Visual Studio 2012\Projects\Chapter_08\Debug\Chapter_08.exe" /INCREMENTAL /NOLOGO kernel32.lib user32.lib gdi32.lib winspool.lib comdlg32.lib advapi32.lib shell32.lib ole32.lib oleaut32.lib uuid.lib odbc32.lib odbccp32.lib /MANIFEST /MANIFESTUAC:"level='asInvoker' uiAccess='false'" /manifest:embed /DEBUG /PDB:"C:\Users\Tassawer\Documents\Visual Studio 2012\Projects\Chapter_08\Debug\Chapter_08.pdb" /SUBSYSTEM:CONSOLE /TLBID:1 /DYNAMICBASE /NXCOMPAT /IMPLIB:"C:\Users\Tassawer\Documents\Visual Studio 2012\Projects\Chapter_08\Debug\Chapter_08.lib" /MACHINE:X86 "Debug\Problem_08-01.obj"
         "Debug\Problem_08-02.obj"
         "Debug\Problem_08-03.obj"
         "Debug\Problem_08-04.obj"
         "Debug\Problem_08-05.obj"
         "Debug\Problem_08-06.obj"
         "Debug\Problem_08-07.obj"
         "Debug\Problem_08-08.obj"
         "Debug\Problem_08-09.obj"
         "Debug\Problem_08-10.obj"
         "Debug\Problem_08-11.obj"
         Chapter_08.vcxproj -> C:\Users\Tassawer\Documents\Visual Studio 2012\Projects\Chapter_08\Debug\Chapter_08.exe
     1>Done Building Project "C:\Users\Tassawer\Documents\Visual Studio 2012\Projects\Chapter_08\Chapter_08\Chapter_08.vcxproj" (Build target(s)).

Build succeeded.

Time Elapsed 00:00:01.71
