Build started 1/3/2015 1:23:58 AM.
     1>Project "C:\Users\Tassawer Hussain\Documents\Visual Studio 2010\Projects\CH3Problems\CH3Problems\CH3Problems.vcxproj" on node 2 (build target(s)).
     1>InitializeBuildStatus:
         Creating "Debug\CH3Problems.unsuccessfulbuild" because "AlwaysCreate" was specified.
       ClCompile:
         c:\Program Files (x86)\Microsoft Visual Studio 10.0\VC\bin\CL.exe /c /ZI /nologo /W3 /WX- /Od /Oy- /D WIN32 /D _DEBUG /D _CONSOLE /D _UNICODE /D UNICODE /Gm /EHsc /RTC1 /MDd /GS /fp:precise /Zc:wchar_t /Zc:forScope /Fo"Debug\\" /Fd"Debug\vc100.pdb" /Gd /TP /analyze- /errorReport:prompt "Problem-03_025.cpp"
         Problem-03_025.cpp
       ManifestResourceCompile:
         All outputs are up-to-date.
       Link:
         c:\Program Files (x86)\Microsoft Visual Studio 10.0\VC\bin\link.exe /ERRORREPORT:PROMPT /OUT:"C:\Users\Tassawer Hussain\Documents\Visual Studio 2010\Projects\CH3Problems\Debug\CH3Problems.exe" /INCREMENTAL /NOLOGO kernel32.lib user32.lib gdi32.lib winspool.lib comdlg32.lib advapi32.lib shell32.lib ole32.lib oleaut32.lib uuid.lib odbc32.lib odbccp32.lib /MANIFEST /ManifestFile:"Debug\CH3Problems.exe.intermediate.manifest" /MANIFESTUAC:"level='asInvoker' uiAccess='false'" /DEBUG /PDB:"C:\Users\Tassawer Hussain\Documents\Visual Studio 2010\Projects\CH3Problems\Debug\CH3Problems.pdb" /SUBSYSTEM:CONSOLE /TLBID:1 /DYNAMICBASE /NXCOMPAT /IMPLIB:"C:\Users\Tassawer Hussain\Documents\Visual Studio 2010\Projects\CH3Problems\Debug\CH3Problems.lib" /MACHINE:X86 Debug\CH3Problems.exe.embed.manifest.res
         "Debug\Problem-03_001.obj"
         "Debug\Problem-03_002.obj"
         "Debug\Problem-03_003.obj"
         "Debug\Problem-03_004.obj"
         "Debug\Problem-03_005.obj"
         "Debug\Problem-03_006.obj"
         "Debug\Problem-03_007.obj"
         "Debug\Problem-03_008.obj"
         "Debug\Problem-03_009.obj"
         "Debug\Problem-03_010.obj"
         "Debug\Problem-03_011.obj"
         "Debug\Problem-03_012.obj"
         "Debug\Problem-03_013.obj"
         "Debug\Problem-03_014.obj"
         "Debug\Problem-03_015.obj"
         "Debug\Problem-03_016.obj"
         "Debug\Problem-03_017.obj"
         "Debug\Problem-03_018.obj"
         "Debug\Problem-03_019.obj"
         "Debug\Problem-03_020.obj"
         "Debug\Problem-03_021.obj"
         "Debug\Problem-03_022.obj"
         "Debug\Problem-03_023.obj"
         "Debug\Problem-03_024.obj"
         "Debug\Problem-03_025.obj"
       Manifest:
         C:\Program Files (x86)\Microsoft SDKs\Windows\v7.0A\bin\mt.exe /nologo /verbose /out:"Debug\CH3Problems.exe.embed.manifest" /manifest Debug\CH3Problems.exe.intermediate.manifest
         All outputs are up-to-date.
       LinkEmbedManifest:
         All outputs are up-to-date.
         CH3Problems.vcxproj -> C:\Users\Tassawer Hussain\Documents\Visual Studio 2010\Projects\CH3Problems\Debug\CH3Problems.exe
       FinalizeBuildStatus:
         Deleting file "Debug\CH3Problems.unsuccessfulbuild".
         Touching "Debug\CH3Problems.lastbuildstate".
     1>Done Building Project "C:\Users\Tassawer Hussain\Documents\Visual Studio 2010\Projects\CH3Problems\CH3Problems\CH3Problems.vcxproj" (build target(s)).

Build succeeded.

Time Elapsed 00:00:01.49
