Build started 5/11/2016 4:23:05 AM.
     1>Project "C:\Users\Tassawer\Documents\Visual Studio 2012\Projects\Chapter_07\Chapter_07\Chapter_07.vcxproj" on node 2 (Build target(s)).
     1>ClCompile:
         C:\Program Files (x86)\Microsoft Visual Studio 11.0\VC\bin\CL.exe /c /ZI /nologo /W3 /WX- /sdl /Od /Oy- /D WIN32 /D _DEBUG /D _CONSOLE /D _UNICODE /D UNICODE /Gm /EHsc /RTC1 /MDd /GS /fp:precise /Zc:wchar_t /Zc:forScope /Fo"Debug\\" /Fd"Debug\vc110.pdb" /Gd /TP /analyze- /errorReport:prompt "Problem_07-19.cpp"
         Problem_07-19.cpp
       Link:
         C:\Program Files (x86)\Microsoft Visual Studio 11.0\VC\bin\link.exe /ERRORREPORT:PROMPT /OUT:"C:\Users\Tassawer\Documents\Visual Studio 2012\Projects\Chapter_07\Debug\Chapter_07.exe" /INCREMENTAL /NOLOGO kernel32.lib user32.lib gdi32.lib winspool.lib comdlg32.lib advapi32.lib shell32.lib ole32.lib oleaut32.lib uuid.lib odbc32.lib odbccp32.lib /MANIFEST /MANIFESTUAC:"level='asInvoker' uiAccess='false'" /manifest:embed /DEBUG /PDB:"C:\Users\Tassawer\Documents\Visual Studio 2012\Projects\Chapter_07\Debug\Chapter_07.pdb" /SUBSYSTEM:CONSOLE /TLBID:1 /DYNAMICBASE /NXCOMPAT /IMPLIB:"C:\Users\Tassawer\Documents\Visual Studio 2012\Projects\Chapter_07\Debug\Chapter_07.lib" /MACHINE:X86 "Debug\Problem_07-01.obj"
         "Debug\Problem_07-02.obj"
         "Debug\Problem_07-03.obj"
         "Debug\Problem_07-04.obj"
         "Debug\Problem_07-05.obj"
         "Debug\Problem_07-06.obj"
         "Debug\Problem_07-07.obj"
         "Debug\Problem_07-08.obj"
         "Debug\Problem_07-09.obj"
         "Debug\Problem_07-10.obj"
         "Debug\Problem_07-11.obj"
         "Debug\Problem_07-12.obj"
         "Debug\Problem_07-13.obj"
         "Debug\Problem_07-14.obj"
         "Debug\Problem_07-15.obj"
         "Debug\Problem_07-16.obj"
         "Debug\Problem_07-17.obj"
         "Debug\Problem_07-18.obj"
         "Debug\Problem_07-19.obj"
         Chapter_07.vcxproj -> C:\Users\Tassawer\Documents\Visual Studio 2012\Projects\Chapter_07\Debug\Chapter_07.exe
     1>Done Building Project "C:\Users\Tassawer\Documents\Visual Studio 2012\Projects\Chapter_07\Chapter_07\Chapter_07.vcxproj" (Build target(s)).

Build succeeded.

Time Elapsed 00:00:07.39
