C:\USERS\TASSAWER\DOCUMENTS\VISUAL STUDIO 2012\PROJECTS\CHAPTER_07\CHAPTER_07\DEBUG\PROBLEM_07-01.OBJ
C:\USERS\TASSAWER\DOCUMENTS\VISUAL STUDIO 2012\PROJECTS\CHAPTER_07\CHAPTER_07\DEBUG\PROBLEM_07-02.OBJ
C:\USERS\TASSAWER\DOCUMENTS\VISUAL STUDIO 2012\PROJECTS\CHAPTER_07\CHAPTER_07\DEBUG\PROBLEM_07-03.OBJ
C:\USERS\TASSAWER\DOCUMENTS\VISUAL STUDIO 2012\PROJECTS\CHAPTER_07\CHAPTER_07\DEBUG\PROBLEM_07-04.OBJ
C:\USERS\TASSAWER\DOCUMENTS\VISUAL STUDIO 2012\PROJECTS\CHAPTER_07\CHAPTER_07\DEBUG\PROBLEM_07-05.OBJ
C:\USERS\TASSAWER\DOCUMENTS\VISUAL STUDIO 2012\PROJECTS\CHAPTER_07\CHAPTER_07\DEBUG\PROBLEM_07-06.OBJ
C:\USERS\TASSAWER\DOCUMENTS\VISUAL STUDIO 2012\PROJECTS\CHAPTER_07\CHAPTER_07\DEBUG\PROBLEM_07-07.OBJ
C:\USERS\TASSAWER\DOCUMENTS\VISUAL STUDIO 2012\PROJECTS\CHAPTER_07\CHAPTER_07\DEBUG\PROBLEM_07-08.OBJ
C:\USERS\TASSAWER\DOCUMENTS\VISUAL STUDIO 2012\PROJECTS\CHAPTER_07\CHAPTER_07\DEBUG\PROBLEM_07-09.OBJ
C:\USERS\TASSAWER\DOCUMENTS\VISUAL STUDIO 2012\PROJECTS\CHAPTER_07\CHAPTER_07\DEBUG\PROBLEM_07-10.OBJ
C:\USERS\TASSAWER\DOCUMENTS\VISUAL STUDIO 2012\PROJECTS\CHAPTER_07\CHAPTER_07\DEBUG\PROBLEM_07-11.OBJ
C:\USERS\TASSAWER\DOCUMENTS\VISUAL STUDIO 2012\PROJECTS\CHAPTER_07\CHAPTER_07\DEBUG\PROBLEM_07-12.OBJ
C:\USERS\TASSAWER\DOCUMENTS\VISUAL STUDIO 2012\PROJECTS\CHAPTER_07\CHAPTER_07\DEBUG\PROBLEM_07-13.OBJ
C:\USERS\TASSAWER\DOCUMENTS\VISUAL STUDIO 2012\PROJECTS\CHAPTER_07\CHAPTER_07\DEBUG\PROBLEM_07-14.OBJ
C:\USERS\TASSAWER\DOCUMENTS\VISUAL STUDIO 2012\PROJECTS\CHAPTER_07\CHAPTER_07\DEBUG\PROBLEM_07-15.OBJ
C:\USERS\TASSAWER\DOCUMENTS\VISUAL STUDIO 2012\PROJECTS\CHAPTER_07\CHAPTER_07\DEBUG\PROBLEM_07-16.OBJ
C:\USERS\TASSAWER\DOCUMENTS\VISUAL STUDIO 2012\PROJECTS\CHAPTER_07\CHAPTER_07\DEBUG\PROBLEM_07-17.OBJ
C:\USERS\TASSAWER\DOCUMENTS\VISUAL STUDIO 2012\PROJECTS\CHAPTER_07\CHAPTER_07\DEBUG\PROBLEM_07-18.OBJ
C:\USERS\TASSAWER\DOCUMENTS\VISUAL STUDIO 2012\PROJECTS\CHAPTER_07\CHAPTER_07\DEBUG\PROBLEM_07-19.OBJ
C:\USERS\TASSAWER\DOCUMENTS\VISUAL STUDIO 2012\PROJECTS\CHAPTER_07\CHAPTER_07\DEBUG\VC110.PDB
C:\USERS\TASSAWER\DOCUMENTS\VISUAL STUDIO 2012\PROJECTS\CHAPTER_07\DEBUG\CHAPTER_07.ILK
C:\USERS\TASSAWER\DOCUMENTS\VISUAL STUDIO 2012\PROJECTS\CHAPTER_07\DEBUG\CHAPTER_07.EXE
C:\USERS\TASSAWER\DOCUMENTS\VISUAL STUDIO 2012\PROJECTS\CHAPTER_07\DEBUG\CHAPTER_07.PDB
C:\Users\Tassawer\Documents\Visual Studio 2012\Projects\Chapter_07\Chapter_07\Debug\Problem_07-01.obj
C:\Users\Tassawer\Documents\Visual Studio 2012\Projects\Chapter_07\Chapter_07\Debug\Problem_07-02.obj
C:\Users\Tassawer\Documents\Visual Studio 2012\Projects\Chapter_07\Chapter_07\Debug\Problem_07-03.obj
C:\Users\Tassawer\Documents\Visual Studio 2012\Projects\Chapter_07\Chapter_07\Debug\Problem_07-04.obj
C:\Users\Tassawer\Documents\Visual Studio 2012\Projects\Chapter_07\Chapter_07\Debug\Problem_07-05.obj
C:\Users\Tassawer\Documents\Visual Studio 2012\Projects\Chapter_07\Chapter_07\Debug\Problem_07-06.obj
C:\Users\Tassawer\Documents\Visual Studio 2012\Projects\Chapter_07\Chapter_07\Debug\Problem_07-07.obj
C:\Users\Tassawer\Documents\Visual Studio 2012\Projects\Chapter_07\Chapter_07\Debug\Problem_07-08.obj
C:\Users\Tassawer\Documents\Visual Studio 2012\Projects\Chapter_07\Chapter_07\Debug\Problem_07-09.obj
C:\Users\Tassawer\Documents\Visual Studio 2012\Projects\Chapter_07\Chapter_07\Debug\Problem_07-10.obj
C:\Users\Tassawer\Documents\Visual Studio 2012\Projects\Chapter_07\Chapter_07\Debug\Problem_07-11.obj
C:\Users\Tassawer\Documents\Visual Studio 2012\Projects\Chapter_07\Chapter_07\Debug\Problem_07-12.obj
C:\Users\Tassawer\Documents\Visual Studio 2012\Projects\Chapter_07\Chapter_07\Debug\Problem_07-13.obj
C:\Users\Tassawer\Documents\Visual Studio 2012\Projects\Chapter_07\Chapter_07\Debug\Problem_07-14.obj
C:\Users\Tassawer\Documents\Visual Studio 2012\Projects\Chapter_07\Chapter_07\Debug\Problem_07-15.obj
C:\Users\Tassawer\Documents\Visual Studio 2012\Projects\Chapter_07\Chapter_07\Debug\Problem_07-16.obj
C:\Users\Tassawer\Documents\Visual Studio 2012\Projects\Chapter_07\Chapter_07\Debug\Problem_07-17.obj
C:\Users\Tassawer\Documents\Visual Studio 2012\Projects\Chapter_07\Chapter_07\Debug\Problem_07-18.obj
C:\Users\Tassawer\Documents\Visual Studio 2012\Projects\Chapter_07\Chapter_07\Debug\Problem_07-19.obj
C:\Users\Tassawer\Documents\Visual Studio 2012\Projects\Chapter_07\Chapter_07\Debug\cl.command.1.tlog
C:\Users\Tassawer\Documents\Visual Studio 2012\Projects\Chapter_07\Chapter_07\Debug\CL.read.1.tlog
C:\Users\Tassawer\Documents\Visual Studio 2012\Projects\Chapter_07\Chapter_07\Debug\CL.write.1.tlog
C:\Users\Tassawer\Documents\Visual Studio 2012\Projects\Chapter_07\Chapter_07\Debug\link-cvtres.read.1.tlog
C:\Users\Tassawer\Documents\Visual Studio 2012\Projects\Chapter_07\Chapter_07\Debug\link-cvtres.write.1.tlog
C:\Users\Tassawer\Documents\Visual Studio 2012\Projects\Chapter_07\Chapter_07\Debug\link-rc.read.1.tlog
C:\Users\Tassawer\Documents\Visual Studio 2012\Projects\Chapter_07\Chapter_07\Debug\link-rc.write.1.tlog
C:\Users\Tassawer\Documents\Visual Studio 2012\Projects\Chapter_07\Chapter_07\Debug\link.2788-cvtres.read.1.tlog
C:\Users\Tassawer\Documents\Visual Studio 2012\Projects\Chapter_07\Chapter_07\Debug\link.2788-cvtres.write.1.tlog
C:\Users\Tassawer\Documents\Visual Studio 2012\Projects\Chapter_07\Chapter_07\Debug\link.2788-rc.read.1.tlog
C:\Users\Tassawer\Documents\Visual Studio 2012\Projects\Chapter_07\Chapter_07\Debug\link.2788-rc.write.1.tlog
C:\Users\Tassawer\Documents\Visual Studio 2012\Projects\Chapter_07\Chapter_07\Debug\link.2788.read.1.tlog
C:\Users\Tassawer\Documents\Visual Studio 2012\Projects\Chapter_07\Chapter_07\Debug\link.2788.write.1.tlog
C:\Users\Tassawer\Documents\Visual Studio 2012\Projects\Chapter_07\Chapter_07\Debug\link.command.1.tlog
C:\Users\Tassawer\Documents\Visual Studio 2012\Projects\Chapter_07\Chapter_07\Debug\link.read.1.tlog
C:\Users\Tassawer\Documents\Visual Studio 2012\Projects\Chapter_07\Chapter_07\Debug\link.write.1.tlog
C:\Users\Tassawer\Documents\Visual Studio 2012\Projects\Chapter_07\Chapter_07\Debug\vc110.idb
C:\Users\Tassawer\Documents\Visual Studio 2012\Projects\Chapter_07\Chapter_07\Debug\vc110.pdb
C:\Users\Tassawer\Documents\Visual Studio 2012\Projects\Chapter_07\Debug\Chapter_07.pdb
C:\Users\Tassawer\Documents\Visual Studio 2012\Projects\Chapter_07\Debug\Chapter_07.exe
C:\Users\Tassawer\Documents\Visual Studio 2012\Projects\Chapter_07\Debug\Chapter_07.ilk
